Using pre-set license
Built from '2021.3/staging' branch; Version is '2021.3.5f1 (40eb3a945986) revision 4254522'; Using compiler version '192829333'; Build Type 'Release'
OS: 'Windows 10  (10.0.19045) 64bit Core' Language: 'en' Physical Memory: 32559 MB
BatchMode: 1, IsHumanControllingUs: 0, StartBugReporterOnCrash: 0, Is64bit: 1, IsPro: 1

COMMAND LINE ARGUMENTS:
C:\Program Files\Unity\Hub\Editor\2021.3.5f1\Editor\Unity.exe
-adb2
-batchMode
-noUpm
-name
AssetImportWorker2
-projectPath
C:/Users/Th3g3ntl3man/Desktop/RevChallenge/CTFChallenge
-logFile
Logs/AssetImportWorker2.log
-srvPort
55120
Successfully changed project path to: C:/Users/Th3g3ntl3man/Desktop/RevChallenge/CTFChallenge
C:/Users/Th3g3ntl3man/Desktop/RevChallenge/CTFChallenge
[UnityMemory] Configuration Parameters - Can be set up in boot.config
    "memorysetup-bucket-allocator-granularity=16"
    "memorysetup-bucket-allocator-bucket-count=8"
    "memorysetup-bucket-allocator-block-size=33554432"
    "memorysetup-bucket-allocator-block-count=8"
    "memorysetup-main-allocator-block-size=16777216"
    "memorysetup-thread-allocator-block-size=16777216"
    "memorysetup-gfx-main-allocator-block-size=16777216"
    "memorysetup-gfx-thread-allocator-block-size=16777216"
    "memorysetup-cache-allocator-block-size=4194304"
    "memorysetup-typetree-allocator-block-size=2097152"
    "memorysetup-profiler-bucket-allocator-granularity=16"
    "memorysetup-profiler-bucket-allocator-bucket-count=8"
    "memorysetup-profiler-bucket-allocator-block-size=33554432"
    "memorysetup-profiler-bucket-allocator-block-count=8"
    "memorysetup-profiler-allocator-block-size=16777216"
    "memorysetup-profiler-editor-allocator-block-size=1048576"
    "memorysetup-temp-allocator-size-main=16777216"
    "memorysetup-job-temp-allocator-block-size=2097152"
    "memorysetup-job-temp-allocator-block-size-background=1048576"
    "memorysetup-job-temp-allocator-reduction-small-platforms=262144"
    "memorysetup-temp-allocator-size-background-worker=32768"
    "memorysetup-temp-allocator-size-job-worker=262144"
    "memorysetup-temp-allocator-size-preload-manager=33554432"
    "memorysetup-temp-allocator-size-nav-mesh-worker=65536"
    "memorysetup-temp-allocator-size-audio-worker=65536"
    "memorysetup-temp-allocator-size-cloud-worker=32768"
    "memorysetup-temp-allocator-size-gi-baking-worker=262144"
    "memorysetup-temp-allocator-size-gfx=262144"
Refreshing native plugins compatible for Editor in 141.92 ms, found 4 plugins.
Preloading 0 native plugins for Editor in 0.00 ms.
Initialize engine version: 2021.3.5f1 (40eb3a945986)
[Subsystems] Discovering subsystems at path C:/Program Files/Unity/Hub/Editor/2021.3.5f1/Editor/Data/Resources/UnitySubsystems
[Subsystems] Discovering subsystems at path C:/Users/Th3g3ntl3man/Desktop/RevChallenge/CTFChallenge/Assets
GfxDevice: creating device client; threaded=0; jobified=0
Direct3D:
    Version:  Direct3D 11.0 [level 11.1]
    Renderer: NVIDIA GeForce RTX 3070 Ti (ID=0x2482)
    Vendor:   NVIDIA
    VRAM:     8031 MB
    Driver:   31.0.15.3623
Initialize mono
Mono path[0] = 'C:/Program Files/Unity/Hub/Editor/2021.3.5f1/Editor/Data/Managed'
Mono path[1] = 'C:/Program Files/Unity/Hub/Editor/2021.3.5f1/Editor/Data/MonoBleedingEdge/lib/mono/unityjit-win32'
Mono config path = 'C:/Program Files/Unity/Hub/Editor/2021.3.5f1/Editor/Data/MonoBleedingEdge/etc'
Using monoOptions --debugger-agent=transport=dt_socket,embedding=1,server=y,suspend=n,address=127.0.0.1:56620
Begin MonoManager ReloadAssembly
Registering precompiled unity dll's ...
Register platform support module: C:/Program Files/Unity/Hub/Editor/2021.3.5f1/Editor/Data/PlaybackEngines/WebGLSupport/UnityEditor.WebGL.Extensions.dll
Register platform support module: C:/Program Files/Unity/Hub/Editor/2021.3.5f1/Editor/Data/PlaybackEngines/WindowsStandaloneSupport/UnityEditor.WindowsStandalone.Extensions.dll
Registered in 0.009507 seconds.
Native extension for WindowsStandalone target not found
Native extension for WebGL target not found
Refreshing native plugins compatible for Editor in 120.41 ms, found 4 plugins.
Preloading 0 native plugins for Editor in 0.00 ms.
Mono: successfully reloaded assembly
- Completed reload, in  0.698 seconds
Domain Reload Profiling:
	ReloadAssembly (699ms)
		BeginReloadAssembly (87ms)
			ExecutionOrderSort (0ms)
			DisableScriptedObjects (0ms)
			BackupInstance (0ms)
			ReleaseScriptingObjects (0ms)
			CreateAndSetChildDomain (1ms)
		EndReloadAssembly (498ms)
			LoadAssemblies (84ms)
			RebuildTransferFunctionScriptingTraits (0ms)
			SetupTypeCache (98ms)
			ReleaseScriptCaches (0ms)
			RebuildScriptCaches (27ms)
			SetupLoadedEditorAssemblies (320ms)
				LogAssemblyErrors (0ms)
				InitializePlatformSupportModulesInManaged (10ms)
				SetLoadedEditorAssemblies (0ms)
				RefreshPlugins (120ms)
				BeforeProcessingInitializeOnLoad (1ms)
				ProcessInitializeOnLoadAttributes (144ms)
				ProcessInitializeOnLoadMethodAttributes (44ms)
				AfterProcessingInitializeOnLoad (0ms)
				EditorAssembliesLoaded (0ms)
			ExecutionOrderSort2 (0ms)
			AwakeInstancesAfterBackupRestoration (0ms)
Platform modules already initialized, skipping
Registering precompiled user dll's ...
Registered in 0.008611 seconds.
Begin MonoManager ReloadAssembly
Symbol file LoadedFromMemory doesn't match image C:\Users\Th3g3ntl3man\Desktop\RevChallenge\CTFChallenge\Library\PackageCache\com.unity.visualscripting@1.7.8\Editor\VisualScripting.Core\Dependencies\YamlDotNet\Unity.VisualScripting.YamlDotNet.dll
Symbol file LoadedFromMemory doesn't match image C:\Users\Th3g3ntl3man\Desktop\RevChallenge\CTFChallenge\Library\PackageCache\com.unity.visualscripting@1.7.8\Editor\VisualScripting.Core\Dependencies\DotNetZip\Unity.VisualScripting.IonicZip.dll
Native extension for WindowsStandalone target not found
Native extension for WebGL target not found
Refreshing native plugins compatible for Editor in 140.37 ms, found 4 plugins.
Preloading 0 native plugins for Editor in 0.00 ms.
Mono: successfully reloaded assembly
- Completed reload, in  1.464 seconds
Domain Reload Profiling:
	ReloadAssembly (1465ms)
		BeginReloadAssembly (85ms)
			ExecutionOrderSort (0ms)
			DisableScriptedObjects (6ms)
			BackupInstance (0ms)
			ReleaseScriptingObjects (0ms)
			CreateAndSetChildDomain (14ms)
		EndReloadAssembly (1258ms)
			LoadAssemblies (74ms)
			RebuildTransferFunctionScriptingTraits (0ms)
			SetupTypeCache (258ms)
			ReleaseScriptCaches (1ms)
			RebuildScriptCaches (76ms)
			SetupLoadedEditorAssemblies (767ms)
				LogAssemblyErrors (0ms)
				InitializePlatformSupportModulesInManaged (8ms)
				SetLoadedEditorAssemblies (0ms)
				RefreshPlugins (140ms)
				BeforeProcessingInitializeOnLoad (155ms)
				ProcessInitializeOnLoadAttributes (332ms)
				ProcessInitializeOnLoadMethodAttributes (119ms)
				AfterProcessingInitializeOnLoad (12ms)
				EditorAssembliesLoaded (0ms)
			ExecutionOrderSort2 (0ms)
			AwakeInstancesAfterBackupRestoration (8ms)
Platform modules already initialized, skipping
========================================================================
Worker process is ready to serve import requests
Launched and connected shader compiler UnityShaderCompiler.exe after 0.03 seconds
Refreshing native plugins compatible for Editor in 1.11 ms, found 4 plugins.
Preloading 0 native plugins for Editor in 0.00 ms.
Unloading 5517 Unused Serialized files (Serialized files now loaded: 0)
Unloading 58 unused Assets / (1.2 MB). Loaded Objects now: 5951.
Memory consumption went from 214.3 MB to 213.1 MB.
Total: 4.656900 ms (FindLiveObjects: 0.680100 ms CreateObjectMapping: 0.407200 ms MarkObjects: 3.107800 ms  DeleteObjects: 0.460700 ms)

AssetImportParameters requested are different than current active one (requested -> active):
  custom:video-decoder-ogg-theora: a1e56fd34408186e4bbccfd4996cb3dc -> 
  custom:container-muxer-webm: aa71ff27fc2769a1b78a27578f13a17b -> 
  custom:container-demuxer-webm: 4f35f7cbe854078d1ac9338744f61a02 -> 
  custom:video-encoder-webm-vp8: eb34c28f22e8b96e1ab97ce403110664 -> 
  custom:audio-encoder-webm-vorbis: bf7c407c2cedff20999df2af8eb42d56 -> 
  custom:framework-win-MediaFoundation: 216162199b28c13a410421893ffa2e32 -> 
  custom:container-demuxer-ogg: 62fdf1f143b41e24485cea50d1cbac27 -> 
  custom:video-decoder-webm-vp8: 9c59270c3fd7afecdb556c50c9e8de78 -> 
  custom:audio-decoder-ogg-vorbis: bf7c407c2cedff20999df2af8eb42d56 -> 
========================================================================
Received Import Request.
  Time since last request: 48870.420734 seconds.
  path: Assets/SunnyLand Artwork/Environment/Tileset/tileset-sliced_103.asset
  artifactKey: Guid(7646a69dd68f4ea498b5b936d64ce07f) Importer(815301076,1909f56bfc062723c751e8b465ee728b)
Start importing Assets/SunnyLand Artwork/Environment/Tileset/tileset-sliced_103.asset using Guid(7646a69dd68f4ea498b5b936d64ce07f) Importer(815301076,1909f56bfc062723c751e8b465ee728b)  -> (artifact id: '5a125214022ef79b7afcc9675d2205ea') in 0.079993 seconds 
========================================================================
Received Import Request.
  Time since last request: 0.000019 seconds.
  path: Assets/SunnyLand Artwork/Environment/Tileset/tileset-sliced_15.asset
  artifactKey: Guid(32661da8ce8dd3644bc6468732fc6bf5) Importer(815301076,1909f56bfc062723c751e8b465ee728b)
Start importing Assets/SunnyLand Artwork/Environment/Tileset/tileset-sliced_15.asset using Guid(32661da8ce8dd3644bc6468732fc6bf5) Importer(815301076,1909f56bfc062723c751e8b465ee728b)  -> (artifact id: '1187fa9b7e673433dd42cfcc73799224') in 0.019988 seconds 
========================================================================
Received Import Request.
  Time since last request: 0.000021 seconds.
  path: Assets/SunnyLand Artwork/Environment/Tileset/tileset_30.asset
  artifactKey: Guid(3571755bba4191b4ba926cbb3cdc6c72) Importer(815301076,1909f56bfc062723c751e8b465ee728b)
Start importing Assets/SunnyLand Artwork/Environment/Tileset/tileset_30.asset using Guid(3571755bba4191b4ba926cbb3cdc6c72) Importer(815301076,1909f56bfc062723c751e8b465ee728b)  -> (artifact id: '83fba8b23c6f1113dd5a9a853461b53e') in 0.013015 seconds 
========================================================================
Received Import Request.
  Time since last request: 0.000026 seconds.
  path: Assets/SunnyLand Artwork/Environment/Tileset/tileset-sliced_117.asset
  artifactKey: Guid(b19f1edd95b052d47943ba291d5dec4f) Importer(815301076,1909f56bfc062723c751e8b465ee728b)
Start importing Assets/SunnyLand Artwork/Environment/Tileset/tileset-sliced_117.asset using Guid(b19f1edd95b052d47943ba291d5dec4f) Importer(815301076,1909f56bfc062723c751e8b465ee728b)  -> (artifact id: 'e751d25bb0ea8b96a61cd7a3523d88cb') in 0.017339 seconds 
========================================================================
Received Import Request.
  Time since last request: 0.000030 seconds.
  path: Assets/SunnyLand Artwork/Environment/Tileset/tileset_26.asset
  artifactKey: Guid(ebf26a9ca7169d34e9f6d4e927c6c452) Importer(815301076,1909f56bfc062723c751e8b465ee728b)
Start importing Assets/SunnyLand Artwork/Environment/Tileset/tileset_26.asset using Guid(ebf26a9ca7169d34e9f6d4e927c6c452) Importer(815301076,1909f56bfc062723c751e8b465ee728b)  -> (artifact id: '95ef384b43497939e811dddb200b5174') in 0.012824 seconds 
========================================================================
Received Import Request.
  Time since last request: 0.000039 seconds.
  path: Assets/SunnyLand Artwork/Environment/Tileset/tileset-sliced_22.asset
  artifactKey: Guid(8c933fd3ebbc0d84c974cc1d5dcc48d9) Importer(815301076,1909f56bfc062723c751e8b465ee728b)
Start importing Assets/SunnyLand Artwork/Environment/Tileset/tileset-sliced_22.asset using Guid(8c933fd3ebbc0d84c974cc1d5dcc48d9) Importer(815301076,1909f56bfc062723c751e8b465ee728b)  -> (artifact id: 'f485661d22fc0106e263a3a653d4d06c') in 0.015967 seconds 
========================================================================
Received Import Request.
  Time since last request: 0.000028 seconds.
  path: Assets/SunnyLand Artwork/Environment/Tileset/tileset-sliced_127.asset
  artifactKey: Guid(ec3def75f01e94748978c225c79d0db9) Importer(815301076,1909f56bfc062723c751e8b465ee728b)
Start importing Assets/SunnyLand Artwork/Environment/Tileset/tileset-sliced_127.asset using Guid(ec3def75f01e94748978c225c79d0db9) Importer(815301076,1909f56bfc062723c751e8b465ee728b)  -> (artifact id: 'ec1a5d311dfe423680679aadf2493dcb') in 0.017939 seconds 
========================================================================
Received Import Request.
  Time since last request: 0.000034 seconds.
  path: Assets/SunnyLand Artwork/Environment/Tileset/tileset-sliced_118.asset
  artifactKey: Guid(961a3dc3220ba2144b5f2972da84bd8c) Importer(815301076,1909f56bfc062723c751e8b465ee728b)
Start importing Assets/SunnyLand Artwork/Environment/Tileset/tileset-sliced_118.asset using Guid(961a3dc3220ba2144b5f2972da84bd8c) Importer(815301076,1909f56bfc062723c751e8b465ee728b)  -> (artifact id: '7cf28a87ed7589d7daadb8178d34fb78') in 0.016736 seconds 
========================================================================
Received Import Request.
  Time since last request: 0.000026 seconds.
  path: Assets/SunnyLand Artwork/Environment/Tileset/tileset_15.asset
  artifactKey: Guid(decc7f1d0780bb24cadd18ed47a80222) Importer(815301076,1909f56bfc062723c751e8b465ee728b)
Start importing Assets/SunnyLand Artwork/Environment/Tileset/tileset_15.asset using Guid(decc7f1d0780bb24cadd18ed47a80222) Importer(815301076,1909f56bfc062723c751e8b465ee728b)  -> (artifact id: '86c03f96dd295baf57ed094393f24b7b') in 0.012260 seconds 
========================================================================
Received Import Request.
  Time since last request: 0.000024 seconds.
  path: Assets/SunnyLand Artwork/Environment/Tileset/tileset-sliced_123.asset
  artifactKey: Guid(e77276b823626c14383483ee1d7c42f9) Importer(815301076,1909f56bfc062723c751e8b465ee728b)
Start importing Assets/SunnyLand Artwork/Environment/Tileset/tileset-sliced_123.asset using Guid(e77276b823626c14383483ee1d7c42f9) Importer(815301076,1909f56bfc062723c751e8b465ee728b)  -> (artifact id: '51b62e5f5425d5c81e644d01a910227e') in 0.018959 seconds 
========================================================================
Received Import Request.
  Time since last request: 0.000026 seconds.
  path: Assets/SunnyLand Artwork/Environment/Tileset/tileset_17.asset
  artifactKey: Guid(a2568989b96eff441b8422bbda965781) Importer(815301076,1909f56bfc062723c751e8b465ee728b)
Start importing Assets/SunnyLand Artwork/Environment/Tileset/tileset_17.asset using Guid(a2568989b96eff441b8422bbda965781) Importer(815301076,1909f56bfc062723c751e8b465ee728b)  -> (artifact id: '1bf9ae6ba42435905fba820a7c2d8f69') in 0.011894 seconds 
========================================================================
Received Import Request.
  Time since last request: 0.000021 seconds.
  path: Assets/SunnyLand Artwork/Environment/Tileset/tileset-sliced_92.asset
  artifactKey: Guid(d5c3eb2696d74f344bc815a43c1b6ba1) Importer(815301076,1909f56bfc062723c751e8b465ee728b)
Start importing Assets/SunnyLand Artwork/Environment/Tileset/tileset-sliced_92.asset using Guid(d5c3eb2696d74f344bc815a43c1b6ba1) Importer(815301076,1909f56bfc062723c751e8b465ee728b)  -> (artifact id: '3b8d574b4d8969f5602b52289685278f') in 0.017199 seconds 
========================================================================
Received Import Request.
  Time since last request: 0.000021 seconds.
  path: Assets/SunnyLand Artwork/Environment/Tileset/tileset-sliced_69.asset
  artifactKey: Guid(e185933dd07e3b04c9f1b9bccde48919) Importer(815301076,1909f56bfc062723c751e8b465ee728b)
Start importing Assets/SunnyLand Artwork/Environment/Tileset/tileset-sliced_69.asset using Guid(e185933dd07e3b04c9f1b9bccde48919) Importer(815301076,1909f56bfc062723c751e8b465ee728b)  -> (artifact id: '8920d1e90af170c80bebdd2b521ab577') in 0.019426 seconds 
========================================================================
Received Import Request.
  Time since last request: 0.000022 seconds.
  path: Assets/SunnyLand Artwork/Environment/Tileset/tileset-sliced_3.asset
  artifactKey: Guid(a0b280c02cbfffe4084f4722ed26afcc) Importer(815301076,1909f56bfc062723c751e8b465ee728b)
Start importing Assets/SunnyLand Artwork/Environment/Tileset/tileset-sliced_3.asset using Guid(a0b280c02cbfffe4084f4722ed26afcc) Importer(815301076,1909f56bfc062723c751e8b465ee728b)  -> (artifact id: 'd75fd5d2acafc71dbb93f0756c7da59b') in 0.023609 seconds 
========================================================================
Received Import Request.
  Time since last request: 0.000025 seconds.
  path: Assets/SunnyLand Artwork/Environment/Tileset/tileset-sliced_71.asset
  artifactKey: Guid(c2b6e1875fa9c10419f6f334f9b8183c) Importer(815301076,1909f56bfc062723c751e8b465ee728b)
Start importing Assets/SunnyLand Artwork/Environment/Tileset/tileset-sliced_71.asset using Guid(c2b6e1875fa9c10419f6f334f9b8183c) Importer(815301076,1909f56bfc062723c751e8b465ee728b)  -> (artifact id: '816539ede098fc35497c10b12468e5c9') in 0.015003 seconds 
========================================================================
Received Import Request.
  Time since last request: 0.000021 seconds.
  path: Assets/SunnyLand Artwork/Environment/Tileset/tileset_24.asset
  artifactKey: Guid(f994fff45f913e84fad9e0de488ec6aa) Importer(815301076,1909f56bfc062723c751e8b465ee728b)
Start importing Assets/SunnyLand Artwork/Environment/Tileset/tileset_24.asset using Guid(f994fff45f913e84fad9e0de488ec6aa) Importer(815301076,1909f56bfc062723c751e8b465ee728b)  -> (artifact id: '131a629e58ddaab5666baeb5ce70bc2e') in 0.011631 seconds 
========================================================================
Received Import Request.
  Time since last request: 0.000036 seconds.
  path: Assets/SunnyLand Artwork/Environment/Tileset/tileset-sliced_83.asset
  artifactKey: Guid(64acea4efaed06d44bf141d8aaad8f0c) Importer(815301076,1909f56bfc062723c751e8b465ee728b)
Start importing Assets/SunnyLand Artwork/Environment/Tileset/tileset-sliced_83.asset using Guid(64acea4efaed06d44bf141d8aaad8f0c) Importer(815301076,1909f56bfc062723c751e8b465ee728b)  -> (artifact id: '0da8d1f473e651bc20488811c9a4a826') in 0.014759 seconds 
========================================================================
Received Import Request.
  Time since last request: 0.000034 seconds.
  path: Assets/SunnyLand Artwork/Environment/Tileset/tileset_20.asset
  artifactKey: Guid(e115da6356b0b4446b1385aae561a489) Importer(815301076,1909f56bfc062723c751e8b465ee728b)
Start importing Assets/SunnyLand Artwork/Environment/Tileset/tileset_20.asset using Guid(e115da6356b0b4446b1385aae561a489) Importer(815301076,1909f56bfc062723c751e8b465ee728b)  -> (artifact id: 'f97ef848817e210c0d79b8f6cbd4f755') in 0.015349 seconds 
========================================================================
Received Import Request.
  Time since last request: 0.000025 seconds.
  path: Assets/SunnyLand Artwork/Environment/Tileset/tileset-sliced_120.asset
  artifactKey: Guid(4512977c341572544acfe4df3f83a298) Importer(815301076,1909f56bfc062723c751e8b465ee728b)
Start importing Assets/SunnyLand Artwork/Environment/Tileset/tileset-sliced_120.asset using Guid(4512977c341572544acfe4df3f83a298) Importer(815301076,1909f56bfc062723c751e8b465ee728b)  -> (artifact id: 'eb304d56cfdcc9fdd6e6aa61426ef199') in 0.018465 seconds 
========================================================================
Received Import Request.
  Time since last request: 0.000024 seconds.
  path: Assets/SunnyLand Artwork/Environment/Tileset/tileset-sliced_88.asset
  artifactKey: Guid(7197e56390a633d4ca0dab4b43f1b762) Importer(815301076,1909f56bfc062723c751e8b465ee728b)
Start importing Assets/SunnyLand Artwork/Environment/Tileset/tileset-sliced_88.asset using Guid(7197e56390a633d4ca0dab4b43f1b762) Importer(815301076,1909f56bfc062723c751e8b465ee728b)  -> (artifact id: '790f1525cff733e9db4be40fce7142fd') in 0.019327 seconds 
========================================================================
Received Prepare
Registering precompiled user dll's ...
Registered in 0.011473 seconds.
Begin MonoManager ReloadAssembly
Symbol file LoadedFromMemory doesn't match image C:\Users\Th3g3ntl3man\Desktop\RevChallenge\CTFChallenge\Library\PackageCache\com.unity.visualscripting@1.7.8\Editor\VisualScripting.Core\Dependencies\YamlDotNet\Unity.VisualScripting.YamlDotNet.dll
Symbol file LoadedFromMemory doesn't match image C:\Users\Th3g3ntl3man\Desktop\RevChallenge\CTFChallenge\Library\PackageCache\com.unity.visualscripting@1.7.8\Editor\VisualScripting.Core\Dependencies\DotNetZip\Unity.VisualScripting.IonicZip.dll
Native extension for WindowsStandalone target not found
Native extension for WebGL target not found
Refreshing native plugins compatible for Editor in 1.01 ms, found 4 plugins.
Preloading 0 native plugins for Editor in 0.00 ms.
Mono: successfully reloaded assembly
- Completed reload, in  1.295 seconds
Domain Reload Profiling:
	ReloadAssembly (1295ms)
		BeginReloadAssembly (153ms)
			ExecutionOrderSort (0ms)
			DisableScriptedObjects (10ms)
			BackupInstance (0ms)
			ReleaseScriptingObjects (0ms)
			CreateAndSetChildDomain (39ms)
		EndReloadAssembly (1024ms)
			LoadAssemblies (121ms)
			RebuildTransferFunctionScriptingTraits (0ms)
			SetupTypeCache (282ms)
			ReleaseScriptCaches (2ms)
			RebuildScriptCaches (55ms)
			SetupLoadedEditorAssemblies (511ms)
				LogAssemblyErrors (0ms)
				InitializePlatformSupportModulesInManaged (16ms)
				SetLoadedEditorAssemblies (1ms)
				RefreshPlugins (1ms)
				BeforeProcessingInitializeOnLoad (105ms)
				ProcessInitializeOnLoadAttributes (279ms)
				ProcessInitializeOnLoadMethodAttributes (99ms)
				AfterProcessingInitializeOnLoad (11ms)
				EditorAssembliesLoaded (0ms)
			ExecutionOrderSort2 (0ms)
			AwakeInstancesAfterBackupRestoration (10ms)
Platform modules already initialized, skipping
Refreshing native plugins compatible for Editor in 3.28 ms, found 4 plugins.
Preloading 0 native plugins for Editor in 0.00 ms.
Unloading 5401 Unused Serialized files (Serialized files now loaded: 0)
Unloading 45 unused Assets / (1.2 MB). Loaded Objects now: 5956.
Memory consumption went from 208.8 MB to 207.7 MB.
Total: 4.058000 ms (FindLiveObjects: 0.528100 ms CreateObjectMapping: 0.173000 ms MarkObjects: 2.898900 ms  DeleteObjects: 0.456900 ms)

AssetImportParameters requested are different than current active one (requested -> active):
  custom:video-decoder-ogg-theora: a1e56fd34408186e4bbccfd4996cb3dc -> 
  custom:container-muxer-webm: aa71ff27fc2769a1b78a27578f13a17b -> 
  custom:container-demuxer-webm: 4f35f7cbe854078d1ac9338744f61a02 -> 
  custom:video-encoder-webm-vp8: eb34c28f22e8b96e1ab97ce403110664 -> 
  custom:audio-encoder-webm-vorbis: bf7c407c2cedff20999df2af8eb42d56 -> 
  custom:framework-win-MediaFoundation: 216162199b28c13a410421893ffa2e32 -> 
  custom:container-demuxer-ogg: 62fdf1f143b41e24485cea50d1cbac27 -> 
  custom:video-decoder-webm-vp8: 9c59270c3fd7afecdb556c50c9e8de78 -> 
  custom:audio-decoder-ogg-vorbis: bf7c407c2cedff20999df2af8eb42d56 -> 
Editor requested this worker to shutdown with reason: Scaling down because of idle timeout
AssetImportWorker is now disconnected from the server
Process exiting
Exiting without the bug reporter. Application will terminate with return code 0